<?xml version="1.0" encoding="UTF-8"?>
<!-- Generated by org.testng.reporters.JUnitReportReporter -->
<testsuite hostname="Rajeev-PC" name="testPackage.HomeTest" tests="1" failures="0" timestamp="27 Jul 2021 12:14:09 GMT" time="0.001" errors="0">
  <testcase name="print" time="0.001" classname="testPackage.HomeTest"/>
</testsuite> <!-- testPackage.HomeTest -->
