<?xml version="1.0" encoding="UTF-8"?>
<!-- Generated by org.testng.reporters.JUnitReportReporter -->
<testsuite hostname="Rajeev-PC" name="testPackage.LoginTest" tests="2" failures="0" timestamp="27 Jul 2021 12:14:09 GMT" time="134.350" errors="0">
  <testcase name="loginTest" time="100.359" classname="testPackage.LoginTest"/>
  <testcase name="loginTest" time="33.991" classname="testPackage.LoginTest"/>
</testsuite> <!-- testPackage.LoginTest -->
