<?xml version="1.0" encoding="UTF-8"?>
<!-- Generated by org.testng.reporters.JUnitReportReporter -->
<testsuite hostname="Rajeev-PC" name="testPackage.ExcelTest" tests="1" failures="0" timestamp="26 Jun 2021 19:00:33 GMT" time="1.654" errors="0">
  <testcase name="createSheet" time="1.654" classname="testPackage.ExcelTest"/>
</testsuite> <!-- testPackage.ExcelTest -->
